  Application.cpp
C:\Capt\DetectiveSimulation\HonkEngine\Engine\Code\Application.cpp(161,36): warning C4244: 'argument': conversion from 'double' to 'float', possible loss of data
  Engine.cpp
C:\Capt\DetectiveSimulation\HonkEngine\Engine\Code\Engine.h(24,8): warning C4099: 'Mesh': type name first seen using 'class' now seen using 'struct'
  (compiling source file 'Code/Engine.cpp')
  C:\Capt\DetectiveSimulation\HonkEngine\Engine\Code\Engine.h(24,8):
  see declaration of 'Mesh'
  
C:\Capt\DetectiveSimulation\HonkEngine\Engine\Code\Engine.cpp(21,15): warning C4244: 'argument': conversion from 'time_t' to 'unsigned int', possible loss of data
  Main.cpp
C:\Capt\DetectiveSimulation\HonkEngine\Engine\Code\Engine.h(24,8): warning C4099: 'Mesh': type name first seen using 'class' now seen using 'struct'
  (compiling source file 'Code/Main.cpp')
  C:\Capt\DetectiveSimulation\HonkEngine\Engine\Code\Engine.h(24,8):
  see declaration of 'Mesh'
  
C:\Capt\DetectiveSimulation\HonkEngine\Engine\Code\GameObjects\Player.h(20,54): warning C4244: 'argument': conversion from 'int' to 'float', possible loss of data
  (compiling source file 'Code/Main.cpp')
  
C:\Capt\DetectiveSimulation\HonkEngine\Engine\Code\GameObjects\Player.h(20,47): warning C4244: 'argument': conversion from 'int' to 'float', possible loss of data
  (compiling source file 'Code/Main.cpp')
  
C:\Capt\DetectiveSimulation\HonkEngine\Engine\Code\Text\TextRenderer.h(12,7): warning C4099: 'Mesh': type name first seen using 'struct' now seen using 'class'
  (compiling source file 'Code/Main.cpp')
  C:\Capt\DetectiveSimulation\HonkEngine\Engine\Code\Engine.h(24,8):
  see declaration of 'Mesh'
  
C:\Capt\DetectiveSimulation\HonkEngine\Engine\Code\UI\UIElement.h(51,28): warning C4244: '=': conversion from 'double' to 'float', possible loss of data
  (compiling source file 'Code/Main.cpp')
  
C:\Capt\DetectiveSimulation\HonkEngine\Engine\Code\UI\UIElement.h(52,40): warning C4244: '=': conversion from 'double' to 'float', possible loss of data
  (compiling source file 'Code/Main.cpp')
  
  Renderer.cpp
C:\Capt\DetectiveSimulation\HonkEngine\Engine\Code\Engine.h(24,8): warning C4099: 'Mesh': type name first seen using 'class' now seen using 'struct'
  (compiling source file 'Code/Renderer/Renderer.cpp')
  C:\Capt\DetectiveSimulation\HonkEngine\Engine\Code\Engine.h(24,8):
  see declaration of 'Mesh'
  
C:\Capt\DetectiveSimulation\HonkEngine\Engine\Code\Renderer\Renderer.cpp(63,51): warning C4267: 'argument': conversion from 'size_t' to 'GLsizei', possible loss of data
  TextRenderer.cpp
  UIObject.h
C:\Capt\DetectiveSimulation\HonkEngine\Engine\Code\Engine.h(24,8): warning C4099: 'Mesh': type name first seen using 'class' now seen using 'struct'
  (compiling source file 'Code/UI/UIObject.h')
  C:\Capt\DetectiveSimulation\HonkEngine\Engine\Code\Engine.h(24,8):
  see declaration of 'Mesh'
  
  Generating Code...
  Engine.vcxproj -> C:\Capt\DetectiveSimulation\HonkEngine\x64\Debug\Engine.exe
